<?xml version="1.0" encoding="UTF-8"?>
<!-- Generated by org.testng.reporters.JUnitXMLReporter -->
<testsuite ignored="1" hostname="DESKTOP-58K76UH" failures="0" tests="7" name="Surefire test" time="22.755" errors="0" timestamp="2020-05-15T23:47:53 EEST">
  <testcase classname="org.academy.web.tests.LoginTest" name="negativeLoginTest" time="0.837"/>
  <testcase classname="org.academy.web.tests.LoginTest" name="negativeLoginTest" time="0.678"/>
  <testcase classname="org.academy.web.tests.LoginTest" name="negativeLoginTest" time="0.644"/>
  <testcase classname="org.academy.web.tests.LoginTest" name="negativeLoginTest" time="0.786"/>
  <testcase classname="org.academy.web.tests.LoginTest" name="negativeLoginTest" time="0.735"/>
  <testcase classname="org.academy.web.tests.LoginTest" name="negativeLoginTest" time="0.787"/>
  <testcase classname="org.academy.web.tests.LoginTest" name="positiveLoginTest" time="1.579"/>
  <testcase classname="org.academy.web.AbstractWebDriver" name="@AfterSuite closeDriver" time="0.0">
    <ignored/>
  </testcase> <!-- @AfterSuite closeDriver -->
</testsuite> <!-- Surefire test -->
