<?xml version="1.0" encoding="UTF-8"?>
<testng-results ignored="1" total="8" passed="7" failed="0" skipped="0">
  <reporter-output>
  </reporter-output>
  <suite started-at="2020-05-15T23:47:30 EEST" name="Surefire suite" finished-at="2020-05-15T23:47:53 EEST" duration-ms="22755">
    <groups>
    </groups>
    <test started-at="2020-05-15T23:47:30 EEST" name="Surefire test" finished-at="2020-05-15T23:47:53 EEST" duration-ms="22755">
      <class name="org.academy.web.tests.ActionTest">
        <test-method is-config="true" signature="closeDriver()[pri:0, instance:org.academy.web.tests.ActionTest@1d9bec4d]" started-at="2020-05-15T23:47:53 EEST" name="closeDriver" finished-at="2020-05-15T23:47:55 EEST" duration-ms="2212" status="FAIL">
          <exception class="org.openqa.selenium.WebDriverException">
            <message>
              <![CDATA[chrome not reachable
  (Session info: chrome=81.0.4044.138)
Build info: version: '3.141.59', revision: 'e82be7d358', time: '2018-11-14T08:17:03'
System info: host: 'DESKTOP-58K76UH', ip: '192.168.43.251', os.name: 'Windows 10', os.arch: 'amd64', os.version: '10.0', java.version: '11.0.6'
Driver info: org.openqa.selenium.chrome.ChromeDriver
Capabilities {acceptInsecureCerts: false, browserName: chrome, browserVersion: 81.0.4044.138, chrome: {chromedriverVersion: 81.0.4044.138 (8c6c7ba89cc9..., userDataDir: C:\Users\MalWare\AppData\Lo...}, goog:chromeOptions: {debuggerAddress: localhost:50442}, javascriptEnabled: true, networkConnectionEnabled: false, pageLoadStrategy: normal, platform: WINDOWS, platformName: WINDOWS, proxy: Proxy(), setWindowRect: true, strictFileInteractability: false, timeouts: {implicit: 0, pageLoad: 300000, script: 30000}, unhandledPromptBehavior: dismiss and notify, webauthn:virtualAuthenticators: true}
Session ID: 94d580bae9070f085e2d597c4c8187da]]>
            </message>
            <full-stacktrace>
              <![CDATA[org.openqa.selenium.WebDriverException: chrome not reachable
  (Session info: chrome=81.0.4044.138)
Build info: version: '3.141.59', revision: 'e82be7d358', time: '2018-11-14T08:17:03'
System info: host: 'DESKTOP-58K76UH', ip: '192.168.43.251', os.name: 'Windows 10', os.arch: 'amd64', os.version: '10.0', java.version: '11.0.6'
Driver info: org.openqa.selenium.chrome.ChromeDriver
Capabilities {acceptInsecureCerts: false, browserName: chrome, browserVersion: 81.0.4044.138, chrome: {chromedriverVersion: 81.0.4044.138 (8c6c7ba89cc9..., userDataDir: C:\Users\MalWare\AppData\Lo...}, goog:chromeOptions: {debuggerAddress: localhost:50442}, javascriptEnabled: true, networkConnectionEnabled: false, pageLoadStrategy: normal, platform: WINDOWS, platformName: WINDOWS, proxy: Proxy(), setWindowRect: true, strictFileInteractability: false, timeouts: {implicit: 0, pageLoad: 300000, script: 30000}, unhandledPromptBehavior: dismiss and notify, webauthn:virtualAuthenticators: true}
Session ID: 94d580bae9070f085e2d597c4c8187da
at java.base/jdk.internal.reflect.NativeConstructorAccessorImpl.newInstance0(Native Method)
at java.base/jdk.internal.reflect.NativeConstructorAccessorImpl.newInstance(NativeConstructorAccessorImpl.java:62)
at java.base/jdk.internal.reflect.DelegatingConstructorAccessorImpl.newInstance(DelegatingConstructorAccessorImpl.java:45)
at java.base/java.lang.reflect.Constructor.newInstance(Constructor.java:490)
at org.openqa.selenium.remote.http.W3CHttpResponseCodec.createException(W3CHttpResponseCodec.java:187)
at org.openqa.selenium.remote.http.W3CHttpResponseCodec.decode(W3CHttpResponseCodec.java:122)
at org.openqa.selenium.remote.http.W3CHttpResponseCodec.decode(W3CHttpResponseCodec.java:49)
at org.openqa.selenium.remote.HttpCommandExecutor.execute(HttpCommandExecutor.java:158)
at org.openqa.selenium.remote.service.DriverCommandExecutor.execute(DriverCommandExecutor.java:83)
at org.openqa.selenium.remote.RemoteWebDriver.execute(RemoteWebDriver.java:552)
at org.openqa.selenium.remote.RemoteWebDriver.execute(RemoteWebDriver.java:609)
at org.openqa.selenium.remote.RemoteWebDriver.close(RemoteWebDriver.java:442)
at org.academy.web.AbstractWebDriver.closeDriver(AbstractWebDriver.java:18)
at java.base/jdk.internal.reflect.NativeMethodAccessorImpl.invoke0(Native Method)
at java.base/jdk.internal.reflect.NativeMethodAccessorImpl.invoke(NativeMethodAccessorImpl.java:62)
at java.base/jdk.internal.reflect.DelegatingMethodAccessorImpl.invoke(DelegatingMethodAccessorImpl.java:43)
at java.base/java.lang.reflect.Method.invoke(Method.java:566)
at org.testng.internal.MethodInvocationHelper.invokeMethod(MethodInvocationHelper.java:134)
at org.testng.internal.MethodInvocationHelper.invokeMethodConsideringTimeout(MethodInvocationHelper.java:63)
at org.testng.internal.ConfigInvoker.invokeConfigurationMethod(ConfigInvoker.java:348)
at org.testng.internal.ConfigInvoker.invokeConfigurations(ConfigInvoker.java:302)
at org.testng.SuiteRunner.privateRun(SuiteRunner.java:351)
at org.testng.SuiteRunner.run(SuiteRunner.java:286)
at org.testng.SuiteRunnerWorker.runSuite(SuiteRunnerWorker.java:53)
at org.testng.SuiteRunnerWorker.run(SuiteRunnerWorker.java:96)
at org.testng.TestNG.runSuitesSequentially(TestNG.java:1187)
at org.testng.TestNG.runSuitesLocally(TestNG.java:1109)
at org.testng.TestNG.runSuites(TestNG.java:1039)
at org.testng.TestNG.run(TestNG.java:1007)
at org.apache.maven.surefire.testng.TestNGExecutor.run(TestNGExecutor.java:135)
at org.apache.maven.surefire.testng.TestNGDirectoryTestSuite.executeMulti(TestNGDirectoryTestSuite.java:193)
at org.apache.maven.surefire.testng.TestNGDirectoryTestSuite.execute(TestNGDirectoryTestSuite.java:94)
at org.apache.maven.surefire.testng.TestNGProvider.invoke(TestNGProvider.java:146)
at org.apache.maven.surefire.booter.ForkedBooter.runSuitesInProcess(ForkedBooter.java:377)
at org.apache.maven.surefire.booter.ForkedBooter.execute(ForkedBooter.java:138)
at org.apache.maven.surefire.booter.ForkedBooter.run(ForkedBooter.java:465)
at org.apache.maven.surefire.booter.ForkedBooter.main(ForkedBooter.java:451)
]]>
            </full-stacktrace>
          </exception> <!-- org.openqa.selenium.WebDriverException -->
          <reporter-output>
          </reporter-output>
        </test-method> <!-- closeDriver -->
      </class> <!-- org.academy.web.tests.ActionTest -->
      <class name="org.academy.web.tests.LoginTest">
        <test-method is-config="true" signature="precondition()[pri:0, instance:org.academy.web.tests.LoginTest@5d5d9e5]" started-at="2020-05-15T23:47:30 EEST" name="precondition" finished-at="2020-05-15T23:47:38 EEST" duration-ms="8412" status="PASS">
          <reporter-output>
          </reporter-output>
        </test-method> <!-- precondition -->
        <test-method signature="negativeLoginTest(java.lang.String, java.lang.String)[pri:0, instance:org.academy.web.tests.LoginTest@5d5d9e5]" started-at="2020-05-15T23:47:38 EEST" name="negativeLoginTest" data-provider="login form provider" finished-at="2020-05-15T23:47:39 EEST" duration-ms="837" status="PASS">
          <params>
            <param index="0">
              <value>
                <![CDATA[]]>
              </value>
            </param>
            <param index="1">
              <value>
                <![CDATA[]]>
              </value>
            </param>
          </params>
          <reporter-output>
          </reporter-output>
        </test-method> <!-- negativeLoginTest -->
        <test-method is-config="true" signature="precondition()[pri:0, instance:org.academy.web.tests.LoginTest@5d5d9e5]" started-at="2020-05-15T23:47:39 EEST" name="precondition" finished-at="2020-05-15T23:47:41 EEST" duration-ms="1952" status="PASS">
          <reporter-output>
          </reporter-output>
        </test-method> <!-- precondition -->
        <test-method signature="negativeLoginTest(java.lang.String, java.lang.String)[pri:0, instance:org.academy.web.tests.LoginTest@5d5d9e5]" started-at="2020-05-15T23:47:41 EEST" name="negativeLoginTest" data-provider="login form provider" finished-at="2020-05-15T23:47:42 EEST" duration-ms="678" status="PASS">
          <params>
            <param index="0">
              <value>
                <![CDATA[alhonchar]]>
              </value>
            </param>
            <param index="1">
              <value>
                <![CDATA[]]>
              </value>
            </param>
          </params>
          <reporter-output>
          </reporter-output>
        </test-method> <!-- negativeLoginTest -->
        <test-method is-config="true" signature="precondition()[pri:0, instance:org.academy.web.tests.LoginTest@5d5d9e5]" started-at="2020-05-15T23:47:42 EEST" name="precondition" finished-at="2020-05-15T23:47:43 EEST" duration-ms="1151" status="PASS">
          <reporter-output>
          </reporter-output>
        </test-method> <!-- precondition -->
        <test-method signature="negativeLoginTest(java.lang.String, java.lang.String)[pri:0, instance:org.academy.web.tests.LoginTest@5d5d9e5]" started-at="2020-05-15T23:47:43 EEST" name="negativeLoginTest" data-provider="login form provider" finished-at="2020-05-15T23:47:44 EEST" duration-ms="644" status="PASS">
          <params>
            <param index="0">
              <value>
                <![CDATA[]]>
              </value>
            </param>
            <param index="1">
              <value>
                <![CDATA[Alex123456&*]]>
              </value>
            </param>
          </params>
          <reporter-output>
          </reporter-output>
        </test-method> <!-- negativeLoginTest -->
        <test-method is-config="true" signature="precondition()[pri:0, instance:org.academy.web.tests.LoginTest@5d5d9e5]" started-at="2020-05-15T23:47:44 EEST" name="precondition" finished-at="2020-05-15T23:47:45 EEST" duration-ms="1153" status="PASS">
          <reporter-output>
          </reporter-output>
        </test-method> <!-- precondition -->
        <test-method signature="negativeLoginTest(java.lang.String, java.lang.String)[pri:0, instance:org.academy.web.tests.LoginTest@5d5d9e5]" started-at="2020-05-15T23:47:45 EEST" name="negativeLoginTest" data-provider="login form provider" finished-at="2020-05-15T23:47:46 EEST" duration-ms="786" status="PASS">
          <params>
            <param index="0">
              <value>
                <![CDATA[alhonchar]]>
              </value>
            </param>
            <param index="1">
              <value>
                <![CDATA[alhonchar]]>
              </value>
            </param>
          </params>
          <reporter-output>
          </reporter-output>
        </test-method> <!-- negativeLoginTest -->
        <test-method is-config="true" signature="precondition()[pri:0, instance:org.academy.web.tests.LoginTest@5d5d9e5]" started-at="2020-05-15T23:47:46 EEST" name="precondition" finished-at="2020-05-15T23:47:47 EEST" duration-ms="1204" status="PASS">
          <reporter-output>
          </reporter-output>
        </test-method> <!-- precondition -->
        <test-method signature="negativeLoginTest(java.lang.String, java.lang.String)[pri:0, instance:org.academy.web.tests.LoginTest@5d5d9e5]" started-at="2020-05-15T23:47:47 EEST" name="negativeLoginTest" data-provider="login form provider" finished-at="2020-05-15T23:47:48 EEST" duration-ms="735" status="PASS">
          <params>
            <param index="0">
              <value>
                <![CDATA[Alex123456&*]]>
              </value>
            </param>
            <param index="1">
              <value>
                <![CDATA[Alex123456&*]]>
              </value>
            </param>
          </params>
          <reporter-output>
          </reporter-output>
        </test-method> <!-- negativeLoginTest -->
        <test-method is-config="true" signature="precondition()[pri:0, instance:org.academy.web.tests.LoginTest@5d5d9e5]" started-at="2020-05-15T23:47:48 EEST" name="precondition" finished-at="2020-05-15T23:47:49 EEST" duration-ms="1495" status="PASS">
          <reporter-output>
          </reporter-output>
        </test-method> <!-- precondition -->
        <test-method signature="negativeLoginTest(java.lang.String, java.lang.String)[pri:0, instance:org.academy.web.tests.LoginTest@5d5d9e5]" started-at="2020-05-15T23:47:49 EEST" name="negativeLoginTest" data-provider="login form provider" finished-at="2020-05-15T23:47:50 EEST" duration-ms="787" status="PASS">
          <params>
            <param index="0">
              <value>
                <![CDATA[login with spaces]]>
              </value>
            </param>
            <param index="1">
              <value>
                <![CDATA[Alex123456&*]]>
              </value>
            </param>
          </params>
          <reporter-output>
          </reporter-output>
        </test-method> <!-- negativeLoginTest -->
        <test-method is-config="true" signature="precondition()[pri:0, instance:org.academy.web.tests.LoginTest@5d5d9e5]" started-at="2020-05-15T23:47:50 EEST" name="precondition" finished-at="2020-05-15T23:47:51 EEST" duration-ms="1261" status="PASS">
          <reporter-output>
          </reporter-output>
        </test-method> <!-- precondition -->
        <test-method signature="positiveLoginTest()[pri:0, instance:org.academy.web.tests.LoginTest@5d5d9e5]" started-at="2020-05-15T23:47:51 EEST" name="positiveLoginTest" finished-at="2020-05-15T23:47:53 EEST" duration-ms="1579" status="PASS">
          <reporter-output>
          </reporter-output>
        </test-method> <!-- positiveLoginTest -->
      </class> <!-- org.academy.web.tests.LoginTest -->
    </test> <!-- Surefire test -->
  </suite> <!-- Surefire suite -->
</testng-results>
